TN:
SF:C:\Users\jbobE\OneDrive\Desktop\epicodus-compsci\binary-search-trees\src\bst-node.js
FN:2,(anonymous_0)
FNF:1
FNH:1
FNDA:96,(anonymous_0)
DA:3,96
DA:4,96
DA:5,96
LF:3
LH:3
BRF:0
BRH:0
end_of_record
TN:
SF:C:\Users\jbobE\OneDrive\Desktop\epicodus-compsci\binary-search-trees\src\bst.js
FN:2,(anonymous_0)
FN:6,(anonymous_1)
FN:33,(anonymous_2)
FNF:3
FNH:3
FNDA:4,(anonymous_0)
FNDA:106,(anonymous_1)
FNDA:4,(anonymous_2)
DA:3,4
DA:7,106
DA:8,3
DA:10,103
DA:11,103
DA:12,223
DA:13,66
DA:14,5
DA:15,5
DA:17,61
DA:19,157
DA:20,65
DA:21,6
DA:22,6
DA:24,59
DA:27,92
DA:34,4
DA:35,1
DA:37,3
DA:38,3
DA:39,8
DA:40,2
DA:41,6
DA:42,4
DA:43,2
DA:44,2
DA:46,6
DA:47,1
LF:28
LH:28
BRDA:7,0,0,3
BRDA:7,0,1,103
BRDA:12,1,0,66
BRDA:12,1,1,157
BRDA:13,2,0,5
BRDA:13,2,1,61
BRDA:19,3,0,65
BRDA:19,3,1,92
BRDA:20,4,0,6
BRDA:20,4,1,59
BRDA:34,5,0,1
BRDA:34,5,1,3
BRDA:39,6,0,2
BRDA:39,6,1,6
BRDA:41,7,0,4
BRDA:41,7,1,2
BRDA:43,8,0,2
BRDA:43,8,1,0
BRDA:46,9,0,1
BRDA:46,9,1,5
BRF:20
BRH:19
end_of_record
